Configuring hspec-2.2.0...
Building hspec-2.2.0...
Preprocessing library hspec-2.2.0...
[1 of 7] Compiling Test.Hspec.HUnit ( src/Test/Hspec/HUnit.hs, dist/dist-sandbox-216f0a25/build/Test/Hspec/HUnit.o )
[2 of 7] Compiling Test.Hspec.Formatters ( src/Test/Hspec/Formatters.hs, dist/dist-sandbox-216f0a25/build/Test/Hspec/Formatters.o )
[3 of 7] Compiling Test.Hspec.Discover ( src/Test/Hspec/Discover.hs, dist/dist-sandbox-216f0a25/build/Test/Hspec/Discover.o )
[4 of 7] Compiling Test.Hspec.Runner ( src/Test/Hspec/Runner.hs, dist/dist-sandbox-216f0a25/build/Test/Hspec/Runner.o )
[5 of 7] Compiling Test.Hspec.Core  ( src/Test/Hspec/Core.hs, dist/dist-sandbox-216f0a25/build/Test/Hspec/Core.o )
[6 of 7] Compiling Test.Hspec       ( src/Test/Hspec.hs, dist/dist-sandbox-216f0a25/build/Test/Hspec.o )
[7 of 7] Compiling Test.Hspec.QuickCheck ( src/Test/Hspec/QuickCheck.hs, dist/dist-sandbox-216f0a25/build/Test/Hspec/QuickCheck.o )
[1 of 7] Compiling Test.Hspec.HUnit ( src/Test/Hspec/HUnit.hs, dist/dist-sandbox-216f0a25/build/Test/Hspec/HUnit.p_o )
[2 of 7] Compiling Test.Hspec.Formatters ( src/Test/Hspec/Formatters.hs, dist/dist-sandbox-216f0a25/build/Test/Hspec/Formatters.p_o )
[3 of 7] Compiling Test.Hspec.Discover ( src/Test/Hspec/Discover.hs, dist/dist-sandbox-216f0a25/build/Test/Hspec/Discover.p_o )
[4 of 7] Compiling Test.Hspec.Runner ( src/Test/Hspec/Runner.hs, dist/dist-sandbox-216f0a25/build/Test/Hspec/Runner.p_o )
[5 of 7] Compiling Test.Hspec.Core  ( src/Test/Hspec/Core.hs, dist/dist-sandbox-216f0a25/build/Test/Hspec/Core.p_o )
[6 of 7] Compiling Test.Hspec       ( src/Test/Hspec.hs, dist/dist-sandbox-216f0a25/build/Test/Hspec.p_o )
[7 of 7] Compiling Test.Hspec.QuickCheck ( src/Test/Hspec/QuickCheck.hs, dist/dist-sandbox-216f0a25/build/Test/Hspec/QuickCheck.p_o )
In-place registering hspec-2.2.0...
Running Haddock for hspec-2.2.0...
Preprocessing library hspec-2.2.0...
Warning: The documentation for the following packages are not installed. No
links will be generated to these packages: hspec-discover-2.2.0
Haddock coverage:
  67% (  2 /  3) in 'Test.Hspec.HUnit'
  Missing documentation for:
    Module header
  50% (  1 /  2) in 'Test.Hspec.Formatters'
  Missing documentation for:
    Module header
  38% (  3 /  8) in 'Test.Hspec.Discover'
  Missing documentation for:
    Module header
    Spec
    IsFormatter (src/Test/Hspec/Discover.hs:26)
    hspecWithFormatter (src/Test/Hspec/Discover.hs:35)
    postProcessSpec (src/Test/Hspec/Discover.hs:40)
  50% (  1 /  2) in 'Test.Hspec.Runner'
  Missing documentation for:
    Module header
  60% (  3 /  5) in 'Test.Hspec.Core'
  Missing documentation for:
    describe (src/Test/Hspec/Core.hs:13)
    it (src/Test/Hspec/Core.hs:17)
  91% ( 31 / 34) in 'Test.Hspec'
  Missing documentation for:
    Spec
    SpecWith
    Arg
  86% (  6 /  7) in 'Test.Hspec.QuickCheck'
  Missing documentation for:
    Module header
Documentation created: dist/dist-sandbox-216f0a25/doc/html/hspec/index.html
Creating package registration file:
/var/folders/n8/bjyml79526x1dmjjj9b2vg400000gn/T/pkgConf-hspec-2.22128236579784558821.0
Installing library in
/Users/home/Documents/Sandbox/Fun-With-Haskell/addition/.cabal-sandbox/lib/x86_64-osx-ghc-7.10.2/hspec-2.2.0-65WtkgZPmr3BP7hoaQWTZt
Registering hspec-2.2.0...
