Configuring quickcheck-io-0.1.2...
Building quickcheck-io-0.1.2...
Preprocessing library quickcheck-io-0.1.2...
[1 of 1] Compiling Test.QuickCheck.IO ( src/Test/QuickCheck/IO.hs, dist/dist-sandbox-216f0a25/build/Test/QuickCheck/IO.o )
[1 of 1] Compiling Test.QuickCheck.IO ( src/Test/QuickCheck/IO.hs, dist/dist-sandbox-216f0a25/build/Test/QuickCheck/IO.p_o )
In-place registering quickcheck-io-0.1.2...
Running Haddock for quickcheck-io-0.1.2...
Preprocessing library quickcheck-io-0.1.2...
Haddock coverage:
   0% (  0 /  3) in 'Test.QuickCheck.IO'
  Missing documentation for:
    Module header
     (src/Test/QuickCheck/IO.hs:9)
    propertyIO (src/Test/QuickCheck/IO.hs:13)
Documentation created:
dist/dist-sandbox-216f0a25/doc/html/quickcheck-io/index.html
Creating package registration file:
/var/folders/n8/bjyml79526x1dmjjj9b2vg400000gn/T/pkgConf-quickcheck-io-0.18965443031474833169.2
Installing library in
/Users/home/Documents/Sandbox/Fun-With-Haskell/addition/.cabal-sandbox/lib/x86_64-osx-ghc-7.10.2/quickcheck-io-0.1.2-8Diz9W9szFcB3XSELlKL4B
Registering quickcheck-io-0.1.2...
